Arguments: 
  /Users/gvdp/.volta/tools/image/node/16.15.0/bin/node /Users/gvdp/.volta/tools/image/yarn/1.22.17/bin/yarn.js add --dev --exact lerna @commitlint @commitlint/config-lerna-scopes

PATH: 
  /Users/gvdp/.volta/tools/image/yarn/1.22.17/bin:/Users/gvdp/.volta/tools/image/node/16.15.0/bin:/opt/homebrew/opt/mysql-client/bin:/Users/gvdp/.sdkman/candidates/java/current/bin:/Users/gvdp/.oh-my-zsh/custom/plugins/git-trim:/usr/local/bin:/Users/gvdp/Library/Android/sdk/platform-tools:/Users/gvdp/Library/Android/sdk/tools/bin:/Users/gvdp/Library/Android/sdk/cmdline-tools/latest/bin:/Users/gvdp/Library/Android/sdk/tools:/Users/gvdp/Library/Android/sdk/emulator:/Users/gvdp/.volta/bin:/usr/bin:/bin:/usr/sbin:/sbin:/Library/Apple/usr/bin:/opt/homebrew/bin:/opt/homebrew/sbin:/Applications/kitty.app/Contents/MacOS

Yarn version: 
  1.22.17

Node version: 
  16.15.0

Platform: 
  darwin arm64

Trace: 
  Error: https://registry.yarnpkg.com/@commitlint: Request "https://registry.yarnpkg.com/@commitlint" returned a 405
      at Request.params.callback [as _callback] (/Users/gvdp/.volta/tools/image/yarn/1.22.17/lib/cli.js:67038:18)
      at Request.self.callback (/Users/gvdp/.volta/tools/image/yarn/1.22.17/lib/cli.js:140883:22)
      at Request.emit (node:events:527:28)
      at Request.<anonymous> (/Users/gvdp/.volta/tools/image/yarn/1.22.17/lib/cli.js:141855:10)
      at Request.emit (node:events:527:28)
      at IncomingMessage.<anonymous> (/Users/gvdp/.volta/tools/image/yarn/1.22.17/lib/cli.js:141777:12)
      at Object.onceWrapper (node:events:641:28)
      at IncomingMessage.emit (node:events:539:35)
      at endReadableNT (node:internal/streams/readable:1345:12)
      at processTicksAndRejections (node:internal/process/task_queues:83:21)

npm manifest: 
  {
    "name": "lerna-commitlint",
    "version": "1.0.0",
    "main": "index.js",
    "license": "MIT"
  }

yarn manifest: 
  No manifest

Lockfile: 
  No lockfile
